<?xml version="1.0" encoding="UTF-8"?>
<testng-results ignored="0" total="1" passed="1" failed="0" skipped="0">
  <reporter-output>
  </reporter-output>
  <suite started-at="2020-01-09T21:27:56 MSK" name="Suite1" finished-at="2020-01-09T21:28:40 MSK" duration-ms="44606">
    <groups>
    </groups>
    <test started-at="2020-01-09T21:27:56 MSK" name="Onliner" finished-at="2020-01-09T21:28:40 MSK" duration-ms="44606">
      <class name="pages.PageTests">
        <test-method is-config="true" signature="setUp()[pri:0, instance:pages.PageTests@6e950bcf]" started-at="2020-01-09T21:27:56 MSK" name="setUp" finished-at="2020-01-09T21:28:11 MSK" duration-ms="15744" status="PASS">
          <reporter-output>
          </reporter-output>
        </test-method> <!-- setUp -->
        <test-method signature="onlinerTest()[pri:0, instance:pages.PageTests@6e950bcf]" started-at="2020-01-09T21:28:11 MSK" name="onlinerTest" finished-at="2020-01-09T21:28:39 MSK" duration-ms="27222" status="PASS">
          <reporter-output>
          </reporter-output>
        </test-method> <!-- onlinerTest -->
        <test-method is-config="true" signature="tearDown()[pri:0, instance:pages.PageTests@6e950bcf]" started-at="2020-01-09T21:28:39 MSK" name="tearDown" finished-at="2020-01-09T21:28:40 MSK" duration-ms="1507" status="PASS">
          <reporter-output>
          </reporter-output>
        </test-method> <!-- tearDown -->
      </class> <!-- pages.PageTests -->
    </test> <!-- Onliner -->
  </suite> <!-- Suite1 -->
</testng-results>
